<?xml version="1.0" encoding="UTF-8"?>
<coverage generated="1537620001">
  <project timestamp="1537620001">
    <package name="WJH\Utils">
      <file name="/home/wajih/Work/Personal/php-utils/src/Utils/ArrayUtils.php">
        <class name="WJH\Utils\ArrayUtils" namespace="WJH\Utils">
          <metrics complexity="3" methods="1" coveredmethods="1" conditionals="0" coveredconditionals="0" statements="9" coveredstatements="9" elements="10" coveredelements="10"/>
        </class>
        <line num="20" type="method" name="multidimArrayUnique" visibility="public" complexity="3" crap="3" count="1"/>
        <line num="22" type="stmt" count="1"/>
        <line num="23" type="stmt" count="1"/>
        <line num="24" type="stmt" count="1"/>
        <line num="26" type="stmt" count="1"/>
        <line num="27" type="stmt" count="1"/>
        <line num="28" type="stmt" count="1"/>
        <line num="29" type="stmt" count="1"/>
        <line num="31" type="stmt" count="1"/>
        <line num="34" type="stmt" count="1"/>
        <metrics loc="36" ncloc="23" classes="1" methods="1" coveredmethods="1" conditionals="0" coveredconditionals="0" statements="9" coveredstatements="9" elements="10" coveredelements="10"/>
      </file>
    </package>
    <file name="/home/wajih/Work/Personal/php-utils/src/utils.php">
      <line num="16" type="stmt" count="0"/>
      <metrics loc="18" ncloc="10" classes="0" methods="0" coveredmethods="0" conditionals="0" coveredconditionals="0" statements="1" coveredstatements="0" elements="1" coveredelements="0"/>
    </file>
    <metrics files="2" loc="54" ncloc="33" classes="1" methods="1" coveredmethods="1" conditionals="0" coveredconditionals="0" statements="10" coveredstatements="9" elements="11" coveredelements="10"/>
  </project>
</coverage>
